<?xml version="1.0" encoding="UTF-8"?>
<testng-results ignored="0" total="1" passed="1" failed="0" skipped="0">
  <reporter-output>
  </reporter-output>
  <suite started-at="2019-12-12T06:24:06 EST" name="Suite" finished-at="2019-12-12T06:24:24 EST" duration-ms="17684">
    <groups>
    </groups>
    <test started-at="2019-12-12T06:24:06 EST" name="Test" finished-at="2019-12-12T06:24:24 EST" duration-ms="17684">
      <class name="LogoutGID.LogoutAID.NewTestLO">
        <test-method is-config="true" signature="buildexecution()[pri:0, instance:LogoutGID.LogoutAID.NewTestLO@5f16132a]" started-at="2019-12-12T06:24:06 EST" name="buildexecution" finished-at="2019-12-12T06:24:13 EST" duration-ms="6732" status="PASS">
          <reporter-output>
          </reporter-output>
        </test-method> <!-- buildexecution -->
        <test-method signature="MainHMR_TC_00007()[pri:0, instance:LogoutGID.LogoutAID.NewTestLO@5f16132a]" started-at="2019-12-12T06:24:13 EST" name="MainHMR_TC_00007" finished-at="2019-12-12T06:24:21 EST" duration-ms="7904" status="PASS">
          <reporter-output>
          </reporter-output>
        </test-method> <!-- MainHMR_TC_00007 -->
        <test-method is-config="true" signature="buildclose()[pri:0, instance:LogoutGID.LogoutAID.NewTestLO@5f16132a]" started-at="2019-12-12T06:24:21 EST" name="buildclose" finished-at="2019-12-12T06:24:24 EST" duration-ms="2995" status="PASS">
          <reporter-output>
          </reporter-output>
        </test-method> <!-- buildclose -->
      </class> <!-- LogoutGID.LogoutAID.NewTestLO -->
    </test> <!-- Test -->
  </suite> <!-- Suite -->
</testng-results>
